d:\qtproject\video\videoconferencing\videoconferencing\videoconferencing\debug\vc141.pdb
d:\qtproject\video\videoconferencing\videoconferencing\videoconferencing\debug\qrc_clogindlg.obj
d:\qtproject\video\videoconferencing\videoconferencing\videoconferencing\debug\clogindlg.obj
d:\qtproject\video\videoconferencing\videoconferencing\videoconferencing\debug\main.obj
d:\qtproject\video\videoconferencing\videoconferencing\videoconferencing\debug\moc_clogindlg.obj
d:\qtproject\video\videoconferencing\videoconferencing\debug\videoconferencing.exe
d:\qtproject\video\videoconferencing\videoconferencing\debug\videoconferencing.ilk
d:\qtproject\video\videoconferencing\videoconferencing\debug\videoconferencing.pdb
d:\qtproject\video\videoconferencing\videoconferencing\videoconferencing\debug\moc\moc_clogindlg.cpp
d:\qtproject\video\videoconferencing\videoconferencing\videoconferencing\debug\rcc\qrc_clogindlg.cpp
d:\qtproject\video\videoconferencing\videoconferencing\videoconferencing\debug\uic\ui_clogindlg.h
d:\qtproject\video\videoconferencing\videoconferencing\videoconferencing\debug\vc142.pdb
d:\qtproject\video\videoconferencing\videoconferencing\videoconferencing\debug\videocon.1f6f375b.tlog\cl.command.1.tlog
d:\qtproject\video\videoconferencing\videoconferencing\videoconferencing\debug\videocon.1f6f375b.tlog\cl.read.1.tlog
d:\qtproject\video\videoconferencing\videoconferencing\videoconferencing\debug\videocon.1f6f375b.tlog\cl.write.1.tlog
d:\qtproject\video\videoconferencing\videoconferencing\videoconferencing\debug\videocon.1f6f375b.tlog\link.command.1.tlog
d:\qtproject\video\videoconferencing\videoconferencing\videoconferencing\debug\videocon.1f6f375b.tlog\link.read.1.tlog
d:\qtproject\video\videoconferencing\videoconferencing\videoconferencing\debug\videocon.1f6f375b.tlog\link.write.1.tlog
d:\qtproject\video\videoconferencing\videoconferencing\videoconferencing\debug\videocon.1f6f375b.tlog\moc.read.1u.tlog
d:\qtproject\video\videoconferencing\videoconferencing\videoconferencing\debug\videocon.1f6f375b.tlog\moc.write.1u.tlog
d:\qtproject\video\videoconferencing\videoconferencing\videoconferencing\debug\videocon.1f6f375b.tlog\rcc.read.1u.tlog
d:\qtproject\video\videoconferencing\videoconferencing\videoconferencing\debug\videocon.1f6f375b.tlog\rcc.write.1u.tlog
d:\qtproject\video\videoconferencing\videoconferencing\videoconferencing\debug\videocon.1f6f375b.tlog\uic.read.1u.tlog
d:\qtproject\video\videoconferencing\videoconferencing\videoconferencing\debug\videocon.1f6f375b.tlog\uic.write.1u.tlog
d:\qtproject\video\videoconferencing\videoconferencing\videoconferencing\debug\videocon.1f6f375b.tlog\videoconferencing.write.1u.tlog
